[2016.10.28-07.38.02:131][  0]Log file open, 10/28/16 09:38:02
[2016.10.28-07.38.02:131][  0]LogInit:Display: Running engine for game: FALSeTowerDefence
[2016.10.28-07.38.02:131][  0]LogInit:Display: RandInit(1505903573) SRandInit(1505903574).
[2016.10.28-07.38.02:131][  0]LogTaskGraph: Started task graph with 4 named threads and 7 total threads.
[2016.10.28-07.38.02:131][  0]LogStats: Stats thread started at 0.399112
[2016.10.28-07.38.02:131][  0]LogInit: Version: 4.9.2-2707645+++depot+UE4-Releases+4.9
[2016.10.28-07.38.02:131][  0]LogInit: API Version: 2672455
[2016.10.28-07.38.02:131][  0]LogInit: Compiled (64-bit): Sep 28 2015 10:25:44
[2016.10.28-07.38.02:131][  0]LogInit: Compiled with Visual C++: 18.00.21005.01
[2016.10.28-07.38.02:131][  0]LogInit: Build Configuration: Development
[2016.10.28-07.38.02:131][  0]LogInit: Branch Name: ++depot+UE4-Releases+4.9
[2016.10.28-07.38.02:131][  0]LogInit: Command line: 
[2016.10.28-07.38.02:131][  0]LogInit: Base directory: C:/Program Files/Epic Games/4.9/Engine/Binaries/Win64/
[2016.10.28-07.38.02:131][  0]LogInit: Rocket: 1
[2016.10.28-07.38.02:400][  0]LogInit: Using libcurl 7.41.0
[2016.10.28-07.38.02:400][  0]LogInit:  - built for x86_64-pc-win32
[2016.10.28-07.38.02:400][  0]LogInit:  - supports SSL with WinSSL
[2016.10.28-07.38.02:400][  0]LogInit:  - other features:
[2016.10.28-07.38.02:400][  0]LogInit:      CURL_VERSION_SSL
[2016.10.28-07.38.02:400][  0]LogInit:      CURL_VERSION_IPV6
[2016.10.28-07.38.02:400][  0]LogInit:      CURL_VERSION_ASYNCHDNS
[2016.10.28-07.38.02:400][  0]LogInit:      CURL_VERSION_LARGEFILE
[2016.10.28-07.38.02:400][  0]LogInit:      CURL_VERSION_IDN
[2016.10.28-07.38.02:400][  0]LogInit:  CurlRequestOptions (configurable via config and command line):
[2016.10.28-07.38.02:400][  0]LogInit:  - bVerifyPeer = true  - Libcurl will verify peer certificate
[2016.10.28-07.38.02:400][  0]LogInit:  - bUseHttpProxy = false  - Libcurl will NOT use HTTP proxy
[2016.10.28-07.38.02:400][  0]LogInit:  - bDontReuseConnections = false  - Libcurl will reuse connections
[2016.10.28-07.38.02:400][  0]LogInit:  - CertBundlePath = nullptr  - Libcurl will use whatever was configured at build time.
[2016.10.28-07.38.02:406][  0]LogInit: Presizing for 0 objects not considered by GC, pre-allocating 0 bytes.
[2016.10.28-07.38.02:412][  0]LogInit: Object subsystem initialized
[2016.10.28-07.38.02:413][  0]LogInit: Selected Device Profile: [Windows]
[2016.10.28-07.38.02:413][  0]LogInit: Applying CVar settings loaded from the selected device profile: [Windows]
[2016.10.28-07.38.02:446][  0]LogInit: Computer: S4F29473
[2016.10.28-07.38.02:446][  0]LogInit: User: adamlevin
[2016.10.28-07.38.02:446][  0]LogInit: CPU Page size=4096, Cores=4
[2016.10.28-07.38.02:446][  0]LogInit: High frequency timer resolution =3.507558 MHz
[2016.10.28-07.38.02:446][  0]LogMemory: Memory total: Physical=15.9GB (16GB approx)
[2016.10.28-07.38.02:446][  0]LogMemory: Platform Memory Stats for Windows
[2016.10.28-07.38.02:446][  0]LogMemory: Process Physical Memory: 54.94 MB used, 54.94 MB peak
[2016.10.28-07.38.02:446][  0]LogMemory: Process Virtual Memory: 59.21 MB used, 59.21 MB peak
[2016.10.28-07.38.02:446][  0]LogMemory: Physical Memory: 3837.37 MB used, 16307.89 MB total
[2016.10.28-07.38.02:446][  0]LogMemory: Virtual Memory: 339.88 MB used, 8388608.00 MB total
[2016.10.28-07.38.02:472][  0]LogTextLocalizationManager: No translations for ('sv-SE') exist, falling back to 'en' for localization and internationalization data.
[2016.10.28-07.38.03:084][  0]LogD3D11RHI: Found D3D11 adapter 0: NVIDIA GeForce GT 620  (Feature Level 11_0)
[2016.10.28-07.38.03:084][  0]LogD3D11RHI: Adapter has 977MB of dedicated video memory, 0MB of dedicated system memory, and 3071MB of shared system memory, 1 output[s]
[2016.10.28-07.38.03:084][  0]LogD3D11RHI: Chosen D3D11 Adapter Id = 0
[2016.10.28-07.38.03:088][  0]LogD3D11RHI: !Direct3DDevice
[2016.10.28-07.38.03:088][  0]LogRHI: Texture pool is 684 MB (70% of 977 MB)
[2016.10.28-07.38.03:092][  0]LogD3D11RHI: Async texture creation enabled
[2016.10.28-07.38.03:101][  0]LogShaderCompilers: Guid format shader working directory is 15 characters bigger than the processId version (../../../../../../Users/adam.levin/Downloads/FALSe-UE3 Repository/FALSe-UE4Repository/FALSeTowerDefence/Intermediate/Shaders/WorkingDirectory/6860/).
[2016.10.28-07.38.03:101][  0]LogShaderCompilers: Cleaned the shader compiler working directory '../../../../../../Users/adam.levin/Downloads/FALSe-UE3 Repository/FALSe-UE4Repository/FALSeTowerDefence/Intermediate/Shaders/tmp/2447D28D4870E5F9F2DEE38F8E1A01C8/'.
[2016.10.28-07.38.03:101][  0]LogShaderCompilers:Display: Using Local Shader Compiler.
[2016.10.28-07.38.04:184][  0]LogTemp:Display: Loaded TP AllDesktopTargetPlatform
[2016.10.28-07.38.04:189][  0]LogTemp:Display: Loaded TP WindowsClientTargetPlatform
[2016.10.28-07.38.04:193][  0]LogTemp:Display: Loaded TP WindowsNoEditorTargetPlatform
[2016.10.28-07.38.04:197][  0]LogTemp:Display: Loaded TP WindowsServerTargetPlatform
[2016.10.28-07.38.04:201][  0]LogTemp:Display: Loaded TP WindowsTargetPlatform
[2016.10.28-07.38.04:203][  0]LogTemp:Display: Loaded TP AndroidTargetPlatform
[2016.10.28-07.38.04:206][  0]LogTemp:Display: Loaded TP Android_ASTCTargetPlatform
[2016.10.28-07.38.04:209][  0]LogTemp:Display: Loaded TP Android_ATCTargetPlatform
[2016.10.28-07.38.04:212][  0]LogTemp:Display: Loaded TP Android_DXTTargetPlatform
[2016.10.28-07.38.04:215][  0]LogTemp:Display: Loaded TP Android_ETC1TargetPlatform
[2016.10.28-07.38.04:218][  0]LogTemp:Display: Loaded TP Android_ETC2TargetPlatform
[2016.10.28-07.38.04:221][  0]LogTemp:Display: Loaded TP Android_PVRTCTargetPlatform
[2016.10.28-07.38.04:222][  0]LogTemp:Display: Loaded TP HTML5TargetPlatform
[2016.10.28-07.38.04:236][  0]LogTemp:Display: Loaded TP IOSTargetPlatform
[2016.10.28-07.38.04:238][  0]LogTemp:Display: Loaded TP LinuxNoEditorTargetPlatform
[2016.10.28-07.38.04:241][  0]LogTemp:Display: Loaded TP LinuxServerTargetPlatform
[2016.10.28-07.38.04:244][  0]LogTemp:Display: Loaded TP LinuxTargetPlatform
[2016.10.28-07.38.04:244][  0]LogTargetPlatformManager:Display: Building Assets For Windows
[2016.10.28-07.38.04:301][  0]LogDerivedDataCache:Display: Max Cache Size: 512 MB
[2016.10.28-07.38.04:334][  0]LogDerivedDataCache: Loaded boot cache 0.03s 41MB C:/Users/adam.levin/AppData/Local/UnrealEngine/4.9/DerivedDataCache/Boot.ddc.
[2016.10.28-07.38.04:334][  0]LogDerivedDataCache:Display: Loaded Boot cache: C:/Users/adam.levin/AppData/Local/UnrealEngine/4.9/DerivedDataCache/Boot.ddc
[2016.10.28-07.38.04:334][  0]LogDerivedDataCache: FDerivedDataBackendGraph:  Pak pak cache file ../../../../../../Users/adam.levin/Downloads/FALSe-UE3 Repository/FALSe-UE4Repository/FALSeTowerDefence/DerivedDataCache/DDC.ddp not found, will not use a pak cache.
[2016.10.28-07.38.04:334][  0]LogDerivedDataCache: Unable to find inner node Pak for hierarchical cache Hierarchy.
[2016.10.28-07.38.04:334][  0]LogDerivedDataCache: FDerivedDataBackendGraph:  CompressedPak pak cache file ../../../../../../Users/adam.levin/Downloads/FALSe-UE3 Repository/FALSe-UE4Repository/FALSeTowerDefence/DerivedDataCache/Compressed.ddp not found, will not use a pak cache.
[2016.10.28-07.38.04:334][  0]LogDerivedDataCache: Unable to find inner node CompressedPak for hierarchical cache Hierarchy.
[2016.10.28-07.38.04:451][  0]LogDerivedDataCache:Display: Pak cache opened for reading ../../../Engine/DerivedDataCache/Compressed.ddp.
[2016.10.28-07.38.04:462][  0]LogDerivedDataCache: Using Local data cache path C:/Users/adam.levin/AppData/Local/UnrealEngine/Common/DerivedDataCache: Writable
[2016.10.28-07.38.06:629][  0]LogInit: Selected Device Profile: [Windows]
[2016.10.28-07.38.06:629][  0]LogContentStreaming: Texture pool size is 0.000000MB
[2016.10.28-07.38.06:648][  0]LogMeshUtilities: No automatic mesh reduction module available
[2016.10.28-07.38.06:648][  0]LogMeshUtilities: No automatic mesh merging module available
[2016.10.28-07.38.07:011][  0]LogInit: WinSock: version 1.1 (2.2), MaxSocks=32767, MaxUdp=65467
[2016.10.28-07.38.07:608][  0]LogAssetRegistry: FAssetRegistry took 0.0098 seconds to start up
[2016.10.28-07.38.07:619][  0]UdpMessaging: Initializing bridge on interface 0.0.0.0:0 to multicast group 230.0.0.1:6666.
[2016.10.28-07.38.08:155][  0]SourceControl: Info Source control is disabled
[2016.10.28-07.38.08:155][  0]SourceControl: Info Source control is disabled
[2016.10.28-07.38.08:162][  0]SourceControl: Info Source control is disabled
[2016.10.28-07.38.08:167][  0]SourceControl: Info Source control is disabled
[2016.10.28-07.38.08:261][  0]LogLinker:Warning: Asset '../../../Engine/Plugins/Runtime/LeapMotionController/Content/LM_PassthroughMaterial.uasset' has been saved with empty engine version. The asset will be loaded but may be incompatible.
[2016.10.28-07.38.08:342][  0]LogObj: 28528 objects as part of root set at end of initial load.
[2016.10.28-07.38.08:342][  0]LogUObjectAllocator: 6068456 out of 0 bytes used by permanent object pool.
[2016.10.28-07.38.08:388][  0]LogEngine: Initializing Engine...
[2016.10.28-07.38.08:390][  0]LogHMD: Can't find Oculus library dev build: is proper Runtime installed? Version: 0.7.0.0
[2016.10.28-07.38.08:390][  0]LogHMD: SteamVR failed to initialize.  Err: 110
[2016.10.28-07.38.08:535][  0]LogAIModule: Creating AISystem for world NewWorld
[2016.10.28-07.38.08:543][  0]LogInit: XAudio2 using 'Högtalare (Realtek High Definition Audio)' : 2 channels at 48 kHz using 32 bits per sample (channel mask 0x3)
[2016.10.28-07.38.08:570][  0]LogInit: FAudioDevice initialized.
[2016.10.28-07.38.08:592][  0]LogDerivedDataCache: Saved boot cache 0.02s 41MB C:/Users/adam.levin/AppData/Local/UnrealEngine/4.9/DerivedDataCache/Boot.ddc.
[2016.10.28-07.38.08:596][  0]LogInit: Texture streaming: Enabled
[2016.10.28-07.38.08:602][  0]LogAnalytics: Creating configured Analytics provider AnalyticsET
[2016.10.28-07.38.08:602][  0]LogAnalytics: [UEEditor.Rocket.Release] APIServer = http://et2.epicgames.com/ET2/. AppVersion = 4.9.2-2707645+++depot+UE4-Releases+4.9
[2016.10.28-07.38.08:602][  0]LogAnalytics: [UEEditor.Rocket.Release] SetUserId 16e023ee4c89404f631b2d9c6f4fa94f|3a21392860eb45bba960cc25a0a50946|cc8b4937-2ef5-4543-9c23-1abec4be9424
[2016.10.28-07.38.08:602][  0]LogAnalytics: [UEEditor.Rocket.Release] AnalyticsET::StartSession
[2016.10.28-07.38.08:620][  0]LogInit: Transaction tracking system initialized
[2016.10.28-07.38.08:689][  0]BlueprintLog: New page: Editor Load
[2016.10.28-07.38.09:176][  0]LocalizationService: Info Localization service is disabled
[2016.10.28-07.38.09:388][  0]LogConsoleResponse:Display: 
[2016.10.28-07.38.09:605][  0]LogFileCache: Scanning file cache for directory 'C:/Users/adam.levin/Downloads/FALSe-UE3 Repository/FALSe-UE4Repository/FALSeTowerDefence/Content/' took 0.02s
[2016.10.28-07.38.09:605][  0]LogCook:Display: Done creating registry. It took  0.00s.
[2016.10.28-07.38.09:648][  0]SourceControl: Info Source control is disabled
[2016.10.28-07.38.09:676][  0]LightingResults: New page: Lighting Build
[2016.10.28-07.38.09:678][  0]MapCheck: New page: Map Check
[2016.10.28-07.38.09:678][  0]LightingResults: New page: Lighting Build
[2016.10.28-07.38.09:689][  0]LogParticles: Destroying 0 GPU particle simulations for FXSystem 0x0000000021009620
[2016.10.28-07.38.10:074][  0]LogLinker:Warning: Asset '../../../../../../Users/adam.levin/Downloads/FALSe-UE3 Repository/FALSe-UE4Repository/FALSeTowerDefence/Content/FirstPersonBP/Blueprints/FirstPersonProjectile.uasset' has been saved with empty engine version. The asset will be loaded but may be incompatible.
[2016.10.28-07.38.10:088][  0]LogLinker:Warning: Asset '../../../../../../Users/adam.levin/Downloads/FALSe-UE3 Repository/FALSe-UE4Repository/FALSeTowerDefence/Content/FirstPerson/Meshes/FirstPersonProjectileMesh.uasset' has been saved with empty engine version. The asset will be loaded but may be incompatible.
[2016.10.28-07.38.13:326][  0]LogAIModule: Creating AISystem for world FirstPersonExampleMap
[2016.10.28-07.38.13:473][  0]LogEditorServer: Finished looking for orphan Actors (0.000 secs)
[2016.10.28-07.38.13:474][  0]Cmd: MAP CHECKDEP NOCLEARLOG
[2016.10.28-07.38.13:516][  0]MapCheck: Info Map check complete: 0 Error(s), 0 Warning(s), took 42.492ms to complete.
[2016.10.28-07.38.13:516][  0]LogFileHelpers: Loading map 'FirstPersonExampleMap' took 3.869
[2016.10.28-07.38.14:177][  0]LogCollectionManager: Loaded 0 collections in 0.001841 seconds
[2016.10.28-07.38.14:214][  0]LogFileCache: Scanning file cache for directory 'C:/Users/adam.levin/Downloads/FALSe-UE3 Repository/FALSe-UE4Repository/FALSeTowerDefence/Saved/Collections/' took 0.01s
[2016.10.28-07.38.14:214][  0]LogFileCache: Scanning file cache for directory 'C:/Users/adam.levin/Downloads/FALSe-UE3 Repository/FALSe-UE4Repository/FALSeTowerDefence/Content/Developers/adamlevin/Collections/' took 0.01s
[2016.10.28-07.38.14:214][  0]LogFileCache: Scanning file cache for directory 'C:/Users/adam.levin/Downloads/FALSe-UE3 Repository/FALSe-UE4Repository/FALSeTowerDefence/Content/Collections/' took 0.01s
[2016.10.28-07.38.14:214][  0]LogContentBrowser: Native class hierarchy populated in 0.0060 seconds. Added 1882 classes and 339 folders.
[2016.10.28-07.38.14:219][  0]LogCollectionManager: Rebuilt the GUID cache for 0 collections in 0.000002 seconds
[2016.10.28-07.38.14:225][  0]LogContentBrowser: Native class hierarchy updated for 'WidgetCarousel' in 0.0003 seconds. Added 0 classes and 0 folders.
[2016.10.28-07.38.16:037][  0]LogContentBrowser: Native class hierarchy updated for 'AddContentDialog' in 0.0007 seconds. Added 0 classes and 0 folders.
[2016.10.28-07.38.16:045][  0]LogContentBrowser: Native class hierarchy updated for 'SceneOutliner' in 0.0006 seconds. Added 1 classes and 2 folders.
[2016.10.28-07.38.16:346][  0]LogCrashTracker: Crashtracker disabled due to settings.
[2016.10.28-07.38.16:350][  0]LogUObjectGlobals:Warning: Failed to find object 'Class None.'
[2016.10.28-07.38.16:371][  0]LogLoad: Full Startup: 18.64 seconds (BP compile: 0.17 seconds)
[2016.10.28-07.38.16:383][  0]LoadErrors:Error: Error /Game/FirstPersonBP/Maps/FirstPersonExampleMap : Failed import for SkeletalMeshComponent /Game/FirstPersonBP/Blueprints/FirstPersonCharacter.FirstPersonCharacter_C:SkeletalMesh_GEN_VARIABLE
[2016.10.28-07.38.16:852][  0]LogContentStreaming: Texture pool size now 200 MB
[2016.10.28-07.38.17:292][  0]LogRenderer: Reallocating scene render targets to support 1208x576 (Frame:2).
[2016.10.28-07.38.17:796][  4]LogAssetRegistry: Asset discovery search completed in 10.1983 seconds
[2016.10.28-07.38.17:796][  4]LogCollectionManager: Rebuilt the object cache for 0 collections in 0.000001 seconds (found 0 objects)
[2016.10.28-07.38.17:796][  4]LogCollectionManager: Fixed up redirectors for 0 collections in 0.000018 seconds (updated 0 objects)
[2016.10.28-07.38.22:605][ 93]LogBlueprintUserMessages: Early PlayInEditor Detection: Level '/Game/FirstPersonBP/Maps/FirstPersonExampleMap.FirstPersonExampleMap:PersistentLevel' has LevelScriptBlueprint '/Game/FirstPersonBP/Maps/FirstPersonExampleMap.FirstPersonExampleMap:PersistentLevel.FirstPersonExampleMap' with GeneratedClass '/Game/FirstPersonBP/Maps/FirstPersonExampleMap.FirstPersonExampleMap_C' with ClassGeneratedBy '/Game/FirstPersonBP/Maps/FirstPersonExampleMap.FirstPersonExampleMap:PersistentLevel.FirstPersonExampleMap'
[2016.10.28-07.38.22:606][ 93]LogPlayLevel: PlayLevel: No blueprints needed recompiling
[2016.10.28-07.38.23:383][ 93]PIE: New page: PIE session: FirstPersonExampleMap (Oct 28, 2016, 11:38:22 AM)
[2016.10.28-07.38.23:383][ 93]LogPlayLevel: Creating play world package: /Game/FirstPersonBP/Maps/UEDPIE_0_FirstPersonExampleMap
[2016.10.28-07.38.23:404][ 93]LogPlayLevel: PIE: StaticDuplicateObject took: (0.021484s)
[2016.10.28-07.38.23:405][ 93]LogAIModule: Creating AISystem for world FirstPersonExampleMap
[2016.10.28-07.38.23:405][ 93]LogPlayLevel: PIE: World Init took: (0.000752s)
[2016.10.28-07.38.23:405][ 93]LogPlayLevel: PIE: Created PIE world by copying editor world from /Game/FirstPersonBP/Maps/FirstPersonExampleMap.FirstPersonExampleMap to /Game/FirstPersonBP/Maps/UEDPIE_0_FirstPersonExampleMap.FirstPersonExampleMap (0.022417s)
[2016.10.28-07.38.23:426][ 93]LogInit: XAudio2 using 'Högtalare (Realtek High Definition Audio)' : 2 channels at 48 kHz using 32 bits per sample (channel mask 0x3)
[2016.10.28-07.38.23:432][ 93]LogInit: FAudioDevice initialized.
[2016.10.28-07.38.23:737][ 93]LogLinker:Warning: Asset '../../../../../../Users/adam.levin/Downloads/FALSe-UE3 Repository/FALSe-UE4Repository/FALSeTowerDefence/Content/FirstPersonBP/Blueprints/FirstPersonHUD.uasset' has been saved with empty engine version. The asset will be loaded but may be incompatible.
[2016.10.28-07.38.23:793][ 93]LogWorld: Game class is 'FirstPersonGameMode_C'
[2016.10.28-07.38.23:886][ 93]LogWorld: Bringing World /Game/FirstPersonBP/Maps/UEDPIE_0_FirstPersonExampleMap.FirstPersonExampleMap up for play (max tick rate 0) at 2016.10.28-09.38.23
[2016.10.28-07.38.23:886][ 93]LogActor:Warning: GameSession /Game/FirstPersonBP/Maps/UEDPIE_0_FirstPersonExampleMap.FirstPersonExampleMap:PersistentLevel.GameSession_0 has natively added scene component(s), but none of them were set as the actor's RootComponent - picking one arbitrarily
[2016.10.28-07.38.23:887][ 93]LogActor:Warning: GameNetworkManager /Game/FirstPersonBP/Maps/UEDPIE_0_FirstPersonExampleMap.FirstPersonExampleMap:PersistentLevel.GameNetworkManager_0 has natively added scene component(s), but none of them were set as the actor's RootComponent - picking one arbitrarily
[2016.10.28-07.38.23:906][ 93]LogWorld: Bringing up level for play took: 0.023514
[2016.10.28-07.38.23:954][ 93]PIE: Info Play in editor start time for /Game/FirstPersonBP/Maps/UEDPIE_0_FirstPersonExampleMap 2.174
[2016.10.28-07.38.23:954][ 93]LogBlueprintUserMessages: Late PlayInEditor Detection: Level '/Game/FirstPersonBP/Maps/FirstPersonExampleMap.FirstPersonExampleMap:PersistentLevel' has LevelScriptBlueprint '/Game/FirstPersonBP/Maps/FirstPersonExampleMap.FirstPersonExampleMap:PersistentLevel.FirstPersonExampleMap' with GeneratedClass '/Game/FirstPersonBP/Maps/FirstPersonExampleMap.FirstPersonExampleMap_C' with ClassGeneratedBy '/Game/FirstPersonBP/Maps/FirstPersonExampleMap.FirstPersonExampleMap:PersistentLevel.FirstPersonExampleMap'
[2016.10.28-07.38.35:753][446]LogBlueprintUserMessages: Early EndPlayMap Detection: Level '/Game/FirstPersonBP/Maps/FirstPersonExampleMap.FirstPersonExampleMap:PersistentLevel' has LevelScriptBlueprint '/Game/FirstPersonBP/Maps/FirstPersonExampleMap.FirstPersonExampleMap:PersistentLevel.FirstPersonExampleMap' with GeneratedClass '/Game/FirstPersonBP/Maps/FirstPersonExampleMap.FirstPersonExampleMap_C' with ClassGeneratedBy '/Game/FirstPersonBP/Maps/FirstPersonExampleMap.FirstPersonExampleMap:PersistentLevel.FirstPersonExampleMap'
[2016.10.28-07.38.35:881][446]LogBlueprintUserMessages: Late EndPlayMap Detection: Level '/Game/FirstPersonBP/Maps/FirstPersonExampleMap.FirstPersonExampleMap:PersistentLevel' has LevelScriptBlueprint '/Game/FirstPersonBP/Maps/FirstPersonExampleMap.FirstPersonExampleMap:PersistentLevel.FirstPersonExampleMap' with GeneratedClass '/Game/FirstPersonBP/Maps/FirstPersonExampleMap.FirstPersonExampleMap_C' with ClassGeneratedBy '/Game/FirstPersonBP/Maps/FirstPersonExampleMap.FirstPersonExampleMap:PersistentLevel.FirstPersonExampleMap'
[2016.10.28-07.38.35:913][446]LogParticles: Destroying 0 GPU particle simulations for FXSystem 0x0000000025472E80
[2016.10.28-07.38.45:685][555]LogLinker:Warning: Asset '../../../../../../Users/adam.levin/Downloads/FALSe-UE3 Repository/FALSe-UE4Repository/FALSeTowerDefence/Content/Mannequin/Animations/ThirdPerson_AnimBP.uasset' has been saved with empty engine version. The asset will be loaded but may be incompatible.
[2016.10.28-07.38.45:687][555]LogLinker:Warning: Asset '../../../../../../Users/adam.levin/Downloads/FALSe-UE3 Repository/FALSe-UE4Repository/FALSeTowerDefence/Content/Mannequin/Animations/ThirdPerson_Jump.uasset' has been saved with empty engine version. The asset will be loaded but may be incompatible.
[2016.10.28-07.38.45:688][555]LogLinker:Warning: Asset '../../../../../../Users/adam.levin/Downloads/FALSe-UE3 Repository/FALSe-UE4Repository/FALSeTowerDefence/Content/Mannequin/Animations/ThirdPersonJump_Loop.uasset' has been saved with empty engine version. The asset will be loaded but may be incompatible.
[2016.10.28-07.38.45:689][555]LogLinker:Warning: Asset '../../../../../../Users/adam.levin/Downloads/FALSe-UE3 Repository/FALSe-UE4Repository/FALSeTowerDefence/Content/Mannequin/Animations/ThirdPersonJump_Start.uasset' has been saved with empty engine version. The asset will be loaded but may be incompatible.
[2016.10.28-07.38.45:690][555]LogLinker:Warning: Asset '../../../../../../Users/adam.levin/Downloads/FALSe-UE3 Repository/FALSe-UE4Repository/FALSeTowerDefence/Content/Mannequin/Animations/ThirdPerson_IdleRun_2D.uasset' has been saved with empty engine version. The asset will be loaded but may be incompatible.
[2016.10.28-07.38.45:690][555]LogLinker:Warning: Asset '../../../../../../Users/adam.levin/Downloads/FALSe-UE3 Repository/FALSe-UE4Repository/FALSeTowerDefence/Content/Mannequin/Animations/ThirdPersonIdle.uasset' has been saved with empty engine version. The asset will be loaded but may be incompatible.
[2016.10.28-07.38.45:691][555]LogLinker:Warning: Asset '../../../../../../Users/adam.levin/Downloads/FALSe-UE3 Repository/FALSe-UE4Repository/FALSeTowerDefence/Content/Mannequin/Animations/ThirdPersonRun.uasset' has been saved with empty engine version. The asset will be loaded but may be incompatible.
[2016.10.28-07.38.45:691][555]LogLinker:Warning: Asset '../../../../../../Users/adam.levin/Downloads/FALSe-UE3 Repository/FALSe-UE4Repository/FALSeTowerDefence/Content/Mannequin/Animations/ThirdPersonWalk.uasset' has been saved with empty engine version. The asset will be loaded but may be incompatible.
[2016.10.28-07.38.46:270][555]LogMaterial:Warning: Material /Game/StarterContent/Materials/M_Ground_Grass.M_Ground_Grass needed to have new flag set bUsedWithSkeletalMesh !
[2016.10.28-07.38.46:272][555]LogMaterial: Missing cached shader map for material M_Ground_Grass, compiling. 
[2016.10.28-07.38.46:339][555]LogMaterial: 0.000182 seconds spent updating 1 materials, 1 interfaces, 0 instances, 0 with static permutations.
[2016.10.28-07.38.49:758][594]LogBlueprintUserMessages: Early PlayInEditor Detection: Level '/Game/FirstPersonBP/Maps/FirstPersonExampleMap.FirstPersonExampleMap:PersistentLevel' has LevelScriptBlueprint '/Game/FirstPersonBP/Maps/FirstPersonExampleMap.FirstPersonExampleMap:PersistentLevel.FirstPersonExampleMap' with GeneratedClass '/Game/FirstPersonBP/Maps/FirstPersonExampleMap.FirstPersonExampleMap_C' with ClassGeneratedBy '/Game/FirstPersonBP/Maps/FirstPersonExampleMap.FirstPersonExampleMap:PersistentLevel.FirstPersonExampleMap'
[2016.10.28-07.38.49:758][594]LogPlayLevel: PlayLevel: No blueprints needed recompiling
[2016.10.28-07.38.49:758][594]PIE: New page: PIE session: FirstPersonExampleMap (Oct 28, 2016, 11:38:49 AM)
[2016.10.28-07.38.49:758][594]LogPlayLevel: Creating play world package: /Game/FirstPersonBP/Maps/UEDPIE_0_FirstPersonExampleMap
[2016.10.28-07.38.49:778][594]LogPlayLevel: PIE: StaticDuplicateObject took: (0.019365s)
[2016.10.28-07.38.49:778][594]LogAIModule: Creating AISystem for world FirstPersonExampleMap
[2016.10.28-07.38.49:778][594]LogPlayLevel: PIE: World Init took: (0.000674s)
[2016.10.28-07.38.49:778][594]LogPlayLevel: PIE: Created PIE world by copying editor world from /Game/FirstPersonBP/Maps/FirstPersonExampleMap.FirstPersonExampleMap to /Game/FirstPersonBP/Maps/UEDPIE_0_FirstPersonExampleMap.FirstPersonExampleMap (0.020263s)
[2016.10.28-07.38.49:778][594]LogActorComponent: UnregisterComponent: (/Engine/Transient.ProjectileMovementComponent_40__A6522401) Not registered. Aborting.
[2016.10.28-07.38.49:778][594]LogActorComponent: UnregisterComponent: (/Engine/Transient.CharMoveComp) Not registered. Aborting.
[2016.10.28-07.38.49:779][594]LogActorComponent: UnregisterComponent: (/Engine/Transient.CharacterMovementComponent_0) Not registered. Aborting.
[2016.10.28-07.38.49:779][594]LogActorComponent: UnregisterComponent: (/Engine/Transient.PawnSensing_GEN_VARIABLE) Not registered. Aborting.
[2016.10.28-07.38.49:806][594]LogInit: XAudio2 using 'Högtalare (Realtek High Definition Audio)' : 2 channels at 48 kHz using 32 bits per sample (channel mask 0x3)
[2016.10.28-07.38.49:815][594]LogInit: FAudioDevice initialized.
[2016.10.28-07.38.49:865][594]LogWorld: Game class is 'FirstPersonGameMode_C'
[2016.10.28-07.38.49:871][594]LogWorld: Bringing World /Game/FirstPersonBP/Maps/UEDPIE_0_FirstPersonExampleMap.FirstPersonExampleMap up for play (max tick rate 0) at 2016.10.28-09.38.49
[2016.10.28-07.38.49:871][594]LogActor:Warning: GameSession /Game/FirstPersonBP/Maps/UEDPIE_0_FirstPersonExampleMap.FirstPersonExampleMap:PersistentLevel.GameSession_1 has natively added scene component(s), but none of them were set as the actor's RootComponent - picking one arbitrarily
[2016.10.28-07.38.49:872][594]LogActor:Warning: GameNetworkManager /Game/FirstPersonBP/Maps/UEDPIE_0_FirstPersonExampleMap.FirstPersonExampleMap:PersistentLevel.GameNetworkManager_1 has natively added scene component(s), but none of them were set as the actor's RootComponent - picking one arbitrarily
[2016.10.28-07.38.49:873][594]LogWorld: Bringing up level for play took: 0.006914
[2016.10.28-07.38.49:874][594]PIE: Info Play in editor start time for /Game/FirstPersonBP/Maps/UEDPIE_0_FirstPersonExampleMap 0.095
[2016.10.28-07.38.49:874][594]LogBlueprintUserMessages: Late PlayInEditor Detection: Level '/Game/FirstPersonBP/Maps/FirstPersonExampleMap.FirstPersonExampleMap:PersistentLevel' has LevelScriptBlueprint '/Game/FirstPersonBP/Maps/FirstPersonExampleMap.FirstPersonExampleMap:PersistentLevel.FirstPersonExampleMap' with GeneratedClass '/Game/FirstPersonBP/Maps/FirstPersonExampleMap.FirstPersonExampleMap_C' with ClassGeneratedBy '/Game/FirstPersonBP/Maps/FirstPersonExampleMap.FirstPersonExampleMap:PersistentLevel.FirstPersonExampleMap'
[2016.10.28-07.39.01:037][956]LogBlueprintUserMessages: Early EndPlayMap Detection: Level '/Game/FirstPersonBP/Maps/FirstPersonExampleMap.FirstPersonExampleMap:PersistentLevel' has LevelScriptBlueprint '/Game/FirstPersonBP/Maps/FirstPersonExampleMap.FirstPersonExampleMap:PersistentLevel.FirstPersonExampleMap' with GeneratedClass '/Game/FirstPersonBP/Maps/FirstPersonExampleMap.FirstPersonExampleMap_C' with ClassGeneratedBy '/Game/FirstPersonBP/Maps/FirstPersonExampleMap.FirstPersonExampleMap:PersistentLevel.FirstPersonExampleMap'
[2016.10.28-07.39.01:147][956]LogBlueprintUserMessages: Late EndPlayMap Detection: Level '/Game/FirstPersonBP/Maps/FirstPersonExampleMap.FirstPersonExampleMap:PersistentLevel' has LevelScriptBlueprint '/Game/FirstPersonBP/Maps/FirstPersonExampleMap.FirstPersonExampleMap:PersistentLevel.FirstPersonExampleMap' with GeneratedClass '/Game/FirstPersonBP/Maps/FirstPersonExampleMap.FirstPersonExampleMap_C' with ClassGeneratedBy '/Game/FirstPersonBP/Maps/FirstPersonExampleMap.FirstPersonExampleMap:PersistentLevel.FirstPersonExampleMap'
[2016.10.28-07.39.01:157][956]LogParticles: Destroying 0 GPU particle simulations for FXSystem 0x0000000025D18900
[2016.10.28-07.39.02:402][981]LogBlueprintUserMessages: Early PlayInEditor Detection: Level '/Game/FirstPersonBP/Maps/FirstPersonExampleMap.FirstPersonExampleMap:PersistentLevel' has LevelScriptBlueprint '/Game/FirstPersonBP/Maps/FirstPersonExampleMap.FirstPersonExampleMap:PersistentLevel.FirstPersonExampleMap' with GeneratedClass '/Game/FirstPersonBP/Maps/FirstPersonExampleMap.FirstPersonExampleMap_C' with ClassGeneratedBy '/Game/FirstPersonBP/Maps/FirstPersonExampleMap.FirstPersonExampleMap:PersistentLevel.FirstPersonExampleMap'
[2016.10.28-07.39.02:402][981]LogPlayLevel: PlayLevel: No blueprints needed recompiling
[2016.10.28-07.39.02:402][981]PIE: New page: PIE session: FirstPersonExampleMap (Oct 28, 2016, 11:39:02 AM)
[2016.10.28-07.39.02:402][981]LogPlayLevel: Creating play world package: /Game/FirstPersonBP/Maps/UEDPIE_0_FirstPersonExampleMap
[2016.10.28-07.39.02:417][981]LogPlayLevel: PIE: StaticDuplicateObject took: (0.015371s)
[2016.10.28-07.39.02:418][981]LogAIModule: Creating AISystem for world FirstPersonExampleMap
[2016.10.28-07.39.02:418][981]LogPlayLevel: PIE: World Init took: (0.000606s)
[2016.10.28-07.39.02:418][981]LogPlayLevel: PIE: Created PIE world by copying editor world from /Game/FirstPersonBP/Maps/FirstPersonExampleMap.FirstPersonExampleMap to /Game/FirstPersonBP/Maps/UEDPIE_0_FirstPersonExampleMap.FirstPersonExampleMap (0.016175s)
[2016.10.28-07.39.02:450][981]LogInit: XAudio2 using 'Högtalare (Realtek High Definition Audio)' : 2 channels at 48 kHz using 32 bits per sample (channel mask 0x3)
[2016.10.28-07.39.02:454][981]LogInit: FAudioDevice initialized.
[2016.10.28-07.39.02:486][981]LogWorld: Game class is 'FirstPersonGameMode_C'
[2016.10.28-07.39.02:491][981]LogWorld: Bringing World /Game/FirstPersonBP/Maps/UEDPIE_0_FirstPersonExampleMap.FirstPersonExampleMap up for play (max tick rate 0) at 2016.10.28-09.39.02
[2016.10.28-07.39.02:491][981]LogActor:Warning: GameSession /Game/FirstPersonBP/Maps/UEDPIE_0_FirstPersonExampleMap.FirstPersonExampleMap:PersistentLevel.GameSession_2 has natively added scene component(s), but none of them were set as the actor's RootComponent - picking one arbitrarily
[2016.10.28-07.39.02:491][981]LogActor:Warning: GameNetworkManager /Game/FirstPersonBP/Maps/UEDPIE_0_FirstPersonExampleMap.FirstPersonExampleMap:PersistentLevel.GameNetworkManager_2 has natively added scene component(s), but none of them were set as the actor's RootComponent - picking one arbitrarily
[2016.10.28-07.39.02:491][981]LogWorld: Bringing up level for play took: 0.004440
[2016.10.28-07.39.02:492][981]PIE: Info Play in editor start time for /Game/FirstPersonBP/Maps/UEDPIE_0_FirstPersonExampleMap 0.713
[2016.10.28-07.39.02:492][981]LogBlueprintUserMessages: Late PlayInEditor Detection: Level '/Game/FirstPersonBP/Maps/FirstPersonExampleMap.FirstPersonExampleMap:PersistentLevel' has LevelScriptBlueprint '/Game/FirstPersonBP/Maps/FirstPersonExampleMap.FirstPersonExampleMap:PersistentLevel.FirstPersonExampleMap' with GeneratedClass '/Game/FirstPersonBP/Maps/FirstPersonExampleMap.FirstPersonExampleMap_C' with ClassGeneratedBy '/Game/FirstPersonBP/Maps/FirstPersonExampleMap.FirstPersonExampleMap:PersistentLevel.FirstPersonExampleMap'
[2016.10.28-07.39.03:932][ 22]LogSelection:Warning: PIE object was selected: "AI_C /Game/FirstPersonBP/Maps/UEDPIE_0_FirstPersonExampleMap.FirstPersonExampleMap:PersistentLevel.AI_6"
[2016.10.28-07.39.09:828][209]LogBlueprintUserMessages: Early EndPlayMap Detection: Level '/Game/FirstPersonBP/Maps/FirstPersonExampleMap.FirstPersonExampleMap:PersistentLevel' has LevelScriptBlueprint '/Game/FirstPersonBP/Maps/FirstPersonExampleMap.FirstPersonExampleMap:PersistentLevel.FirstPersonExampleMap' with GeneratedClass '/Game/FirstPersonBP/Maps/FirstPersonExampleMap.FirstPersonExampleMap_C' with ClassGeneratedBy '/Game/FirstPersonBP/Maps/FirstPersonExampleMap.FirstPersonExampleMap:PersistentLevel.FirstPersonExampleMap'
[2016.10.28-07.39.09:938][209]LogBlueprintUserMessages: Late EndPlayMap Detection: Level '/Game/FirstPersonBP/Maps/FirstPersonExampleMap.FirstPersonExampleMap:PersistentLevel' has LevelScriptBlueprint '/Game/FirstPersonBP/Maps/FirstPersonExampleMap.FirstPersonExampleMap:PersistentLevel.FirstPersonExampleMap' with GeneratedClass '/Game/FirstPersonBP/Maps/FirstPersonExampleMap.FirstPersonExampleMap_C' with ClassGeneratedBy '/Game/FirstPersonBP/Maps/FirstPersonExampleMap.FirstPersonExampleMap:PersistentLevel.FirstPersonExampleMap'
[2016.10.28-07.39.09:970][210]LogParticles: Destroying 0 GPU particle simulations for FXSystem 0x000000001B65DB20
[2016.10.28-07.39.12:934][262]LogLinker:Warning: Asset '../../../Engine/Content/ArtTools/RenderToTexture/Macros/RenderToTextureMacros.uasset' has been saved with empty engine version. The asset will be loaded but may be incompatible.
[2016.10.28-07.39.13:594][262]LogContentBrowser: Native class hierarchy updated for 'BlueprintGraph' in 0.0005 seconds. Added 107 classes and 0 folders.
[2016.10.28-07.39.21:799][359]LogRenderer: Reallocating scene render targets to support 1208x712 (Frame:1562).
[2016.10.28-07.40.58:534][130]LogBlueprintUserMessages: Early PlayInEditor Detection: Level '/Game/FirstPersonBP/Maps/FirstPersonExampleMap.FirstPersonExampleMap:PersistentLevel' has LevelScriptBlueprint '/Game/FirstPersonBP/Maps/FirstPersonExampleMap.FirstPersonExampleMap:PersistentLevel.FirstPersonExampleMap' with GeneratedClass '/Game/FirstPersonBP/Maps/FirstPersonExampleMap.FirstPersonExampleMap_C' with ClassGeneratedBy '/Game/FirstPersonBP/Maps/FirstPersonExampleMap.FirstPersonExampleMap:PersistentLevel.FirstPersonExampleMap'
[2016.10.28-07.40.58:534][130]LogPlayLevel: PlayLevel: No blueprints needed recompiling
[2016.10.28-07.40.58:534][130]PIE: New page: PIE session: FirstPersonExampleMap (Oct 28, 2016, 11:40:58 AM)
[2016.10.28-07.40.58:534][130]LogPlayLevel: Creating play world package: /Game/FirstPersonBP/Maps/UEDPIE_0_FirstPersonExampleMap
[2016.10.28-07.40.58:550][130]LogPlayLevel: PIE: StaticDuplicateObject took: (0.015838s)
[2016.10.28-07.40.58:550][130]LogAIModule: Creating AISystem for world FirstPersonExampleMap
[2016.10.28-07.40.58:550][130]LogPlayLevel: PIE: World Init took: (0.000738s)
[2016.10.28-07.40.58:551][130]LogPlayLevel: PIE: Created PIE world by copying editor world from /Game/FirstPersonBP/Maps/FirstPersonExampleMap.FirstPersonExampleMap to /Game/FirstPersonBP/Maps/UEDPIE_0_FirstPersonExampleMap.FirstPersonExampleMap (0.016770s)
[2016.10.28-07.40.58:551][130]LogActorComponent: UnregisterComponent: (/Engine/Transient.ProjectileMovementComponent_40__A6522401) Not registered. Aborting.
[2016.10.28-07.40.58:551][130]LogActorComponent: UnregisterComponent: (/Engine/Transient.CharMoveComp) Not registered. Aborting.
[2016.10.28-07.40.58:551][130]LogActorComponent: UnregisterComponent: (/Engine/Transient.CharacterMovementComponent_1) Not registered. Aborting.
[2016.10.28-07.40.58:551][130]LogActorComponent: UnregisterComponent: (/Engine/Transient.PawnSensing_GEN_VARIABLE) Not registered. Aborting.
[2016.10.28-07.40.58:581][130]LogInit: XAudio2 using 'Högtalare (Realtek High Definition Audio)' : 2 channels at 48 kHz using 32 bits per sample (channel mask 0x3)
[2016.10.28-07.40.58:586][130]LogInit: FAudioDevice initialized.
[2016.10.28-07.40.58:614][130]LogWorld: Game class is 'FirstPersonGameMode_C'
[2016.10.28-07.40.58:618][130]LogWorld: Bringing World /Game/FirstPersonBP/Maps/UEDPIE_0_FirstPersonExampleMap.FirstPersonExampleMap up for play (max tick rate 0) at 2016.10.28-09.40.58
[2016.10.28-07.40.58:618][130]LogActor:Warning: GameSession /Game/FirstPersonBP/Maps/UEDPIE_0_FirstPersonExampleMap.FirstPersonExampleMap:PersistentLevel.GameSession_3 has natively added scene component(s), but none of them were set as the actor's RootComponent - picking one arbitrarily
[2016.10.28-07.40.58:619][130]LogActor:Warning: GameNetworkManager /Game/FirstPersonBP/Maps/UEDPIE_0_FirstPersonExampleMap.FirstPersonExampleMap:PersistentLevel.GameNetworkManager_3 has natively added scene component(s), but none of them were set as the actor's RootComponent - picking one arbitrarily
[2016.10.28-07.40.58:619][130]LogWorld: Bringing up level for play took: 0.004406
[2016.10.28-07.40.58:620][130]PIE: Info Play in editor start time for /Game/FirstPersonBP/Maps/UEDPIE_0_FirstPersonExampleMap 0.846
[2016.10.28-07.40.58:620][130]LogBlueprintUserMessages: Late PlayInEditor Detection: Level '/Game/FirstPersonBP/Maps/FirstPersonExampleMap.FirstPersonExampleMap:PersistentLevel' has LevelScriptBlueprint '/Game/FirstPersonBP/Maps/FirstPersonExampleMap.FirstPersonExampleMap:PersistentLevel.FirstPersonExampleMap' with GeneratedClass '/Game/FirstPersonBP/Maps/FirstPersonExampleMap.FirstPersonExampleMap_C' with ClassGeneratedBy '/Game/FirstPersonBP/Maps/FirstPersonExampleMap.FirstPersonExampleMap:PersistentLevel.FirstPersonExampleMap'
[2016.10.28-07.41.09:248][463]LogBlueprintUserMessages: Early EndPlayMap Detection: Level '/Game/FirstPersonBP/Maps/FirstPersonExampleMap.FirstPersonExampleMap:PersistentLevel' has LevelScriptBlueprint '/Game/FirstPersonBP/Maps/FirstPersonExampleMap.FirstPersonExampleMap:PersistentLevel.FirstPersonExampleMap' with GeneratedClass '/Game/FirstPersonBP/Maps/FirstPersonExampleMap.FirstPersonExampleMap_C' with ClassGeneratedBy '/Game/FirstPersonBP/Maps/FirstPersonExampleMap.FirstPersonExampleMap:PersistentLevel.FirstPersonExampleMap'
[2016.10.28-07.41.09:357][463]LogBlueprintUserMessages: Late EndPlayMap Detection: Level '/Game/FirstPersonBP/Maps/FirstPersonExampleMap.FirstPersonExampleMap:PersistentLevel' has LevelScriptBlueprint '/Game/FirstPersonBP/Maps/FirstPersonExampleMap.FirstPersonExampleMap:PersistentLevel.FirstPersonExampleMap' with GeneratedClass '/Game/FirstPersonBP/Maps/FirstPersonExampleMap.FirstPersonExampleMap_C' with ClassGeneratedBy '/Game/FirstPersonBP/Maps/FirstPersonExampleMap.FirstPersonExampleMap:PersistentLevel.FirstPersonExampleMap'
[2016.10.28-07.41.09:377][463]LogParticles: Destroying 0 GPU particle simulations for FXSystem 0x000000004DB0ECA0
[2016.10.28-07.41.22:568][708]LogEditorViewport: Clicking on Actor (LMB): FirstPersonCharacter_C (FirstPersonCharacter)
[2016.10.28-07.41.25:386][754]LogEditorViewport: Clicking on Actor (LMB): AI_C (AI2)
[2016.10.28-07.41.26:968][782]LogBlueprintUserMessages: Early PlayInEditor Detection: Level '/Game/FirstPersonBP/Maps/FirstPersonExampleMap.FirstPersonExampleMap:PersistentLevel' has LevelScriptBlueprint '/Game/FirstPersonBP/Maps/FirstPersonExampleMap.FirstPersonExampleMap:PersistentLevel.FirstPersonExampleMap' with GeneratedClass '/Game/FirstPersonBP/Maps/FirstPersonExampleMap.FirstPersonExampleMap_C' with ClassGeneratedBy '/Game/FirstPersonBP/Maps/FirstPersonExampleMap.FirstPersonExampleMap:PersistentLevel.FirstPersonExampleMap'
[2016.10.28-07.41.26:968][782]LogPlayLevel: PlayLevel: No blueprints needed recompiling
[2016.10.28-07.41.26:968][782]PIE: New page: PIE session: FirstPersonExampleMap (Oct 28, 2016, 11:41:26 AM)
[2016.10.28-07.41.26:968][782]LogPlayLevel: Creating play world package: /Game/FirstPersonBP/Maps/UEDPIE_0_FirstPersonExampleMap
[2016.10.28-07.41.26:983][782]LogPlayLevel: PIE: StaticDuplicateObject took: (0.015388s)
[2016.10.28-07.41.26:984][782]LogAIModule: Creating AISystem for world FirstPersonExampleMap
[2016.10.28-07.41.26:984][782]LogPlayLevel: PIE: World Init took: (0.000619s)
[2016.10.28-07.41.26:984][782]LogPlayLevel: PIE: Created PIE world by copying editor world from /Game/FirstPersonBP/Maps/FirstPersonExampleMap.FirstPersonExampleMap to /Game/FirstPersonBP/Maps/UEDPIE_0_FirstPersonExampleMap.FirstPersonExampleMap (0.016198s)
[2016.10.28-07.41.26:984][782]LogActorComponent: UnregisterComponent: (/Engine/Transient.ProjectileMovementComponent_40__A6522401) Not registered. Aborting.
[2016.10.28-07.41.26:984][782]LogActorComponent: UnregisterComponent: (/Engine/Transient.CharMoveComp) Not registered. Aborting.
[2016.10.28-07.41.26:984][782]LogActorComponent: UnregisterComponent: (/Engine/Transient.CharacterMovementComponent_2) Not registered. Aborting.
[2016.10.28-07.41.26:984][782]LogActorComponent: UnregisterComponent: (/Engine/Transient.PawnSensing_GEN_VARIABLE) Not registered. Aborting.
[2016.10.28-07.41.27:012][782]LogInit: XAudio2 using 'Högtalare (Realtek High Definition Audio)' : 2 channels at 48 kHz using 32 bits per sample (channel mask 0x3)
[2016.10.28-07.41.27:017][782]LogInit: FAudioDevice initialized.
[2016.10.28-07.41.27:045][782]LogWorld: Game class is 'FirstPersonGameMode_C'
[2016.10.28-07.41.27:050][782]LogWorld: Bringing World /Game/FirstPersonBP/Maps/UEDPIE_0_FirstPersonExampleMap.FirstPersonExampleMap up for play (max tick rate 0) at 2016.10.28-09.41.27
[2016.10.28-07.41.27:050][782]LogActor:Warning: GameSession /Game/FirstPersonBP/Maps/UEDPIE_0_FirstPersonExampleMap.FirstPersonExampleMap:PersistentLevel.GameSession_4 has natively added scene component(s), but none of them were set as the actor's RootComponent - picking one arbitrarily
[2016.10.28-07.41.27:050][782]LogActor:Warning: GameNetworkManager /Game/FirstPersonBP/Maps/UEDPIE_0_FirstPersonExampleMap.FirstPersonExampleMap:PersistentLevel.GameNetworkManager_4 has natively added scene component(s), but none of them were set as the actor's RootComponent - picking one arbitrarily
[2016.10.28-07.41.27:051][782]LogWorld: Bringing up level for play took: 0.005000
[2016.10.28-07.41.27:052][782]PIE: Info Play in editor start time for /Game/FirstPersonBP/Maps/UEDPIE_0_FirstPersonExampleMap -0.721
[2016.10.28-07.41.27:052][782]LogBlueprintUserMessages: Late PlayInEditor Detection: Level '/Game/FirstPersonBP/Maps/FirstPersonExampleMap.FirstPersonExampleMap:PersistentLevel' has LevelScriptBlueprint '/Game/FirstPersonBP/Maps/FirstPersonExampleMap.FirstPersonExampleMap:PersistentLevel.FirstPersonExampleMap' with GeneratedClass '/Game/FirstPersonBP/Maps/FirstPersonExampleMap.FirstPersonExampleMap_C' with ClassGeneratedBy '/Game/FirstPersonBP/Maps/FirstPersonExampleMap.FirstPersonExampleMap:PersistentLevel.FirstPersonExampleMap'
[2016.10.28-07.41.38:361][137]LogBlueprintUserMessages: Early EndPlayMap Detection: Level '/Game/FirstPersonBP/Maps/FirstPersonExampleMap.FirstPersonExampleMap:PersistentLevel' has LevelScriptBlueprint '/Game/FirstPersonBP/Maps/FirstPersonExampleMap.FirstPersonExampleMap:PersistentLevel.FirstPersonExampleMap' with GeneratedClass '/Game/FirstPersonBP/Maps/FirstPersonExampleMap.FirstPersonExampleMap_C' with ClassGeneratedBy '/Game/FirstPersonBP/Maps/FirstPersonExampleMap.FirstPersonExampleMap:PersistentLevel.FirstPersonExampleMap'
[2016.10.28-07.41.38:471][137]LogBlueprintUserMessages: Late EndPlayMap Detection: Level '/Game/FirstPersonBP/Maps/FirstPersonExampleMap.FirstPersonExampleMap:PersistentLevel' has LevelScriptBlueprint '/Game/FirstPersonBP/Maps/FirstPersonExampleMap.FirstPersonExampleMap:PersistentLevel.FirstPersonExampleMap' with GeneratedClass '/Game/FirstPersonBP/Maps/FirstPersonExampleMap.FirstPersonExampleMap_C' with ClassGeneratedBy '/Game/FirstPersonBP/Maps/FirstPersonExampleMap.FirstPersonExampleMap:PersistentLevel.FirstPersonExampleMap'
[2016.10.28-07.41.38:491][137]LogParticles: Destroying 0 GPU particle simulations for FXSystem 0x00000000116ACEA0
[2016.10.28-07.42.13:080][234]LogActorComponent: UnregisterComponent: (/Engine/Transient.EditorFloorComp) Not registered. Aborting.
[2016.10.28-07.42.20:361][371]LogActor:Warning: RecastNavMesh /Game/FirstPersonBP/Maps/FirstPersonExampleMap.FirstPersonExampleMap:PersistentLevel.RecastNavMesh_0 has natively added scene component(s), but none of them were set as the actor's RootComponent - picking one arbitrarily
[2016.10.28-07.43.08:376][265]LogEditorViewport: Clicking on Actor (LMB): StaticMeshActor (Floor)
[2016.10.28-07.43.09:678][288]LogEditorViewport: Clicking on Actor (LMB): FirstPersonCharacter_C (FirstPersonCharacter)
[2016.10.28-07.43.14:996][373]LogBlueprintUserMessages: Early PlayInEditor Detection: Level '/Game/FirstPersonBP/Maps/FirstPersonExampleMap.FirstPersonExampleMap:PersistentLevel' has LevelScriptBlueprint '/Game/FirstPersonBP/Maps/FirstPersonExampleMap.FirstPersonExampleMap:PersistentLevel.FirstPersonExampleMap' with GeneratedClass '/Game/FirstPersonBP/Maps/FirstPersonExampleMap.FirstPersonExampleMap_C' with ClassGeneratedBy '/Game/FirstPersonBP/Maps/FirstPersonExampleMap.FirstPersonExampleMap:PersistentLevel.FirstPersonExampleMap'
[2016.10.28-07.43.14:996][373]LogPlayLevel: PlayLevel: No blueprints needed recompiling
[2016.10.28-07.43.14:996][373]PIE: New page: PIE session: FirstPersonExampleMap (Oct 28, 2016, 11:43:14 AM)
[2016.10.28-07.43.14:996][373]LogPlayLevel: Creating play world package: /Game/FirstPersonBP/Maps/UEDPIE_0_FirstPersonExampleMap
[2016.10.28-07.43.15:059][373]LogPlayLevel: PIE: StaticDuplicateObject took: (0.062042s)
[2016.10.28-07.43.15:059][373]LogAIModule: Creating AISystem for world FirstPersonExampleMap
[2016.10.28-07.43.15:059][373]LogPlayLevel: PIE: World Init took: (0.000784s)
[2016.10.28-07.43.15:059][373]LogPlayLevel: PIE: Created PIE world by copying editor world from /Game/FirstPersonBP/Maps/FirstPersonExampleMap.FirstPersonExampleMap to /Game/FirstPersonBP/Maps/UEDPIE_0_FirstPersonExampleMap.FirstPersonExampleMap (0.063005s)
[2016.10.28-07.43.15:060][373]LogActorComponent: UnregisterComponent: (/Engine/Transient.ProjectileMovementComponent_40__A6522401) Not registered. Aborting.
[2016.10.28-07.43.15:060][373]LogActorComponent: UnregisterComponent: (/Engine/Transient.CharMoveComp) Not registered. Aborting.
[2016.10.28-07.43.15:060][373]LogActorComponent: UnregisterComponent: (/Engine/Transient.CharacterMovementComponent_3) Not registered. Aborting.
[2016.10.28-07.43.15:060][373]LogActorComponent: UnregisterComponent: (/Engine/Transient.PawnSensing_GEN_VARIABLE) Not registered. Aborting.
[2016.10.28-07.43.15:079][373]LogParticles: Destroying 0 GPU particle simulations for FXSystem 0x00000000259D1B20
[2016.10.28-07.43.15:080][373]LogParticles: Destroying 0 GPU particle simulations for FXSystem 0x0000000025D19EE0
[2016.10.28-07.43.15:105][373]LogInit: XAudio2 using 'Högtalare (Realtek High Definition Audio)' : 2 channels at 48 kHz using 32 bits per sample (channel mask 0x3)
[2016.10.28-07.43.15:110][373]LogInit: FAudioDevice initialized.
[2016.10.28-07.43.15:147][373]LogWorld: Game class is 'FirstPersonGameMode_C'
[2016.10.28-07.43.15:159][373]LogWorld:Warning: *** WARNING - PATHS MAY NOT BE VALID ***
[2016.10.28-07.43.15:159][373]LogWorld: Bringing World /Game/FirstPersonBP/Maps/UEDPIE_0_FirstPersonExampleMap.FirstPersonExampleMap up for play (max tick rate 0) at 2016.10.28-09.43.15
[2016.10.28-07.43.15:159][373]LogActor:Warning: GameSession /Game/FirstPersonBP/Maps/UEDPIE_0_FirstPersonExampleMap.FirstPersonExampleMap:PersistentLevel.GameSession_5 has natively added scene component(s), but none of them were set as the actor's RootComponent - picking one arbitrarily
[2016.10.28-07.43.15:159][373]LogActor:Warning: GameNetworkManager /Game/FirstPersonBP/Maps/UEDPIE_0_FirstPersonExampleMap.FirstPersonExampleMap:PersistentLevel.GameNetworkManager_5 has natively added scene component(s), but none of them were set as the actor's RootComponent - picking one arbitrarily
[2016.10.28-07.43.15:160][373]LogWorld: Bringing up level for play took: 0.010597
[2016.10.28-07.43.15:161][373]PIE: Info Play in editor start time for /Game/FirstPersonBP/Maps/UEDPIE_0_FirstPersonExampleMap -0.607
[2016.10.28-07.43.15:161][373]LogBlueprintUserMessages: Late PlayInEditor Detection: Level '/Game/FirstPersonBP/Maps/FirstPersonExampleMap.FirstPersonExampleMap:PersistentLevel' has LevelScriptBlueprint '/Game/FirstPersonBP/Maps/FirstPersonExampleMap.FirstPersonExampleMap:PersistentLevel.FirstPersonExampleMap' with GeneratedClass '/Game/FirstPersonBP/Maps/FirstPersonExampleMap.FirstPersonExampleMap_C' with ClassGeneratedBy '/Game/FirstPersonBP/Maps/FirstPersonExampleMap.FirstPersonExampleMap:PersistentLevel.FirstPersonExampleMap'
[2016.10.28-07.43.17:446][442]LogSpawn:Warning: SpawnActor failed because of collision at the spawn location [X=1389.999 Y=-27.000 Z=278.393] for [FirstPersonProjectile_C]
[2016.10.28-07.43.17:537][445]LogSpawn:Warning: SpawnActor failed because of collision at the spawn location [X=1389.999 Y=-27.000 Z=278.393] for [FirstPersonProjectile_C]
[2016.10.28-07.44.04:827][919]LogBlueprintUserMessages: Early EndPlayMap Detection: Level '/Game/FirstPersonBP/Maps/FirstPersonExampleMap.FirstPersonExampleMap:PersistentLevel' has LevelScriptBlueprint '/Game/FirstPersonBP/Maps/FirstPersonExampleMap.FirstPersonExampleMap:PersistentLevel.FirstPersonExampleMap' with GeneratedClass '/Game/FirstPersonBP/Maps/FirstPersonExampleMap.FirstPersonExampleMap_C' with ClassGeneratedBy '/Game/FirstPersonBP/Maps/FirstPersonExampleMap.FirstPersonExampleMap:PersistentLevel.FirstPersonExampleMap'
[2016.10.28-07.44.04:939][919]LogBlueprintUserMessages: Late EndPlayMap Detection: Level '/Game/FirstPersonBP/Maps/FirstPersonExampleMap.FirstPersonExampleMap:PersistentLevel' has LevelScriptBlueprint '/Game/FirstPersonBP/Maps/FirstPersonExampleMap.FirstPersonExampleMap:PersistentLevel.FirstPersonExampleMap' with GeneratedClass '/Game/FirstPersonBP/Maps/FirstPersonExampleMap.FirstPersonExampleMap_C' with ClassGeneratedBy '/Game/FirstPersonBP/Maps/FirstPersonExampleMap.FirstPersonExampleMap:PersistentLevel.FirstPersonExampleMap'
[2016.10.28-07.44.04:959][919]LogParticles: Destroying 0 GPU particle simulations for FXSystem 0x0000000025FB4FE0
[2016.10.28-07.44.21:313][184]LogBlueprintUserMessages: Early PlayInEditor Detection: Level '/Game/FirstPersonBP/Maps/FirstPersonExampleMap.FirstPersonExampleMap:PersistentLevel' has LevelScriptBlueprint '/Game/FirstPersonBP/Maps/FirstPersonExampleMap.FirstPersonExampleMap:PersistentLevel.FirstPersonExampleMap' with GeneratedClass '/Game/FirstPersonBP/Maps/FirstPersonExampleMap.FirstPersonExampleMap_C' with ClassGeneratedBy '/Game/FirstPersonBP/Maps/FirstPersonExampleMap.FirstPersonExampleMap:PersistentLevel.FirstPersonExampleMap'
[2016.10.28-07.44.21:313][184]LogPlayLevel: PlayLevel: No blueprints needed recompiling
[2016.10.28-07.44.21:313][184]PIE: New page: PIE session: FirstPersonExampleMap (Oct 28, 2016, 11:44:21 AM)
[2016.10.28-07.44.21:313][184]LogPlayLevel: Creating play world package: /Game/FirstPersonBP/Maps/UEDPIE_0_FirstPersonExampleMap
[2016.10.28-07.44.21:378][184]LogPlayLevel: PIE: StaticDuplicateObject took: (0.065467s)
[2016.10.28-07.44.21:379][184]LogAIModule: Creating AISystem for world FirstPersonExampleMap
[2016.10.28-07.44.21:379][184]LogPlayLevel: PIE: World Init took: (0.000901s)
[2016.10.28-07.44.21:380][184]LogPlayLevel: PIE: Created PIE world by copying editor world from /Game/FirstPersonBP/Maps/FirstPersonExampleMap.FirstPersonExampleMap to /Game/FirstPersonBP/Maps/UEDPIE_0_FirstPersonExampleMap.FirstPersonExampleMap (0.066562s)
[2016.10.28-07.44.21:427][184]LogInit: XAudio2 using 'Högtalare (Realtek High Definition Audio)' : 2 channels at 48 kHz using 32 bits per sample (channel mask 0x3)
[2016.10.28-07.44.21:432][184]LogInit: FAudioDevice initialized.
[2016.10.28-07.44.21:469][184]LogWorld: Game class is 'FirstPersonGameMode_C'
[2016.10.28-07.44.21:481][184]LogWorld:Warning: *** WARNING - PATHS MAY NOT BE VALID ***
[2016.10.28-07.44.21:481][184]LogWorld: Bringing World /Game/FirstPersonBP/Maps/UEDPIE_0_FirstPersonExampleMap.FirstPersonExampleMap up for play (max tick rate 0) at 2016.10.28-09.44.21
[2016.10.28-07.44.21:481][184]LogActor:Warning: GameSession /Game/FirstPersonBP/Maps/UEDPIE_0_FirstPersonExampleMap.FirstPersonExampleMap:PersistentLevel.GameSession_6 has natively added scene component(s), but none of them were set as the actor's RootComponent - picking one arbitrarily
[2016.10.28-07.44.21:482][184]LogActor:Warning: GameNetworkManager /Game/FirstPersonBP/Maps/UEDPIE_0_FirstPersonExampleMap.FirstPersonExampleMap:PersistentLevel.GameNetworkManager_6 has natively added scene component(s), but none of them were set as the actor's RootComponent - picking one arbitrarily
[2016.10.28-07.44.21:484][184]LogWorld: Bringing up level for play took: 0.012411
[2016.10.28-07.44.21:485][184]PIE: Info Play in editor start time for /Game/FirstPersonBP/Maps/UEDPIE_0_FirstPersonExampleMap -0.281
[2016.10.28-07.44.21:485][184]LogBlueprintUserMessages: Late PlayInEditor Detection: Level '/Game/FirstPersonBP/Maps/FirstPersonExampleMap.FirstPersonExampleMap:PersistentLevel' has LevelScriptBlueprint '/Game/FirstPersonBP/Maps/FirstPersonExampleMap.FirstPersonExampleMap:PersistentLevel.FirstPersonExampleMap' with GeneratedClass '/Game/FirstPersonBP/Maps/FirstPersonExampleMap.FirstPersonExampleMap_C' with ClassGeneratedBy '/Game/FirstPersonBP/Maps/FirstPersonExampleMap.FirstPersonExampleMap:PersistentLevel.FirstPersonExampleMap'
[2016.10.28-07.44.42:833][855]LogBlueprintUserMessages: Early EndPlayMap Detection: Level '/Game/FirstPersonBP/Maps/FirstPersonExampleMap.FirstPersonExampleMap:PersistentLevel' has LevelScriptBlueprint '/Game/FirstPersonBP/Maps/FirstPersonExampleMap.FirstPersonExampleMap:PersistentLevel.FirstPersonExampleMap' with GeneratedClass '/Game/FirstPersonBP/Maps/FirstPersonExampleMap.FirstPersonExampleMap_C' with ClassGeneratedBy '/Game/FirstPersonBP/Maps/FirstPersonExampleMap.FirstPersonExampleMap:PersistentLevel.FirstPersonExampleMap'
[2016.10.28-07.44.42:945][855]LogBlueprintUserMessages: Late EndPlayMap Detection: Level '/Game/FirstPersonBP/Maps/FirstPersonExampleMap.FirstPersonExampleMap:PersistentLevel' has LevelScriptBlueprint '/Game/FirstPersonBP/Maps/FirstPersonExampleMap.FirstPersonExampleMap:PersistentLevel.FirstPersonExampleMap' with GeneratedClass '/Game/FirstPersonBP/Maps/FirstPersonExampleMap.FirstPersonExampleMap_C' with ClassGeneratedBy '/Game/FirstPersonBP/Maps/FirstPersonExampleMap.FirstPersonExampleMap:PersistentLevel.FirstPersonExampleMap'
[2016.10.28-07.44.42:964][855]LogParticles: Destroying 0 GPU particle simulations for FXSystem 0x000000004B61E340
[2016.10.28-07.50.22:773][ 82]LogActorComponent: UnregisterComponent: (/Engine/Transient.ProjectileMovementComponent_40__A6522401) Not registered. Aborting.
[2016.10.28-07.50.22:773][ 82]LogActorComponent: UnregisterComponent: (/Engine/Transient.CharMoveComp) Not registered. Aborting.
[2016.10.28-07.50.22:773][ 82]LogActorComponent: UnregisterComponent: (/Engine/Transient.CharacterMovementComponent_4) Not registered. Aborting.
[2016.10.28-07.50.22:773][ 82]LogActorComponent: UnregisterComponent: (/Engine/Transient.PawnSensing_GEN_VARIABLE) Not registered. Aborting.
[2016.10.28-07.50.23:947][ 82]LogSavePackage: Save=1130.736816ms
[2016.10.28-07.50.23:947][ 82]LogSavePackage: Moving '../../../../../../Users/adam.levin/Downloads/FALSe-UE3 Repository/FALSe-UE4Repository/FALSeTowerDefence/Saved/FirstPersonExampleMap_Auto17D4FA29F4645A05F9D9555A7319C43F7.tmp' to '../../../../../../Users/adam.levin/Downloads/FALSe-UE3 Repository/FALSe-UE4Repository/FALSeTowerDefence/Saved/Autosaves/Game/FirstPersonBP/Maps/FirstPersonExampleMap_Auto1.umap'
[2016.10.28-07.50.23:948][ 82]LogSavePackage: Total save time: 1146.595441ms
[2016.10.28-07.50.23:948][ 82]LogSavePackage:Warning: Finished SavePackage ../../../../../../Users/adam.levin/Downloads/FALSe-UE3 Repository/FALSe-UE4Repository/FALSeTowerDefence/Saved/Autosaves/Game/FirstPersonBP/Maps/FirstPersonExampleMap_Auto1.umap
[2016.10.28-07.50.23:951][ 82]LogFileHelpers: Editor autosave (incl. sublevels) for '/Game/FirstPersonBP/Maps/FirstPersonExampleMap' took 1.178
[2016.10.28-07.50.23:951][ 82]LogFileHelpers: Editor autosave (incl. sublevels) for all levels took 1.178
[2016.10.28-07.50.23:955][ 82]OBJ SavePackage: Generating thumbnails for [1] asset(s) in package [/Game/StarterContent/Materials/M_Ground_Grass] ([1] browsable assets)...
[2016.10.28-07.50.23:966][ 82]OBJ SavePackage:     Rendered thumbnail for [Material /Game/StarterContent/Materials/M_Ground_Grass.M_Ground_Grass]
[2016.10.28-07.50.23:966][ 82]OBJ SavePackage: Finished generating thumbnails for package [/Game/StarterContent/Materials/M_Ground_Grass]
[2016.10.28-07.50.23:988][ 82]LogSavePackage: Save=17.824081ms
[2016.10.28-07.50.23:988][ 82]LogSavePackage: Moving '../../../../../../Users/adam.levin/Downloads/FALSe-UE3 Repository/FALSe-UE4Repository/FALSeTowerDefence/Saved/M_Ground_Grass_Auto16378CBFE41E3A69B33CCD4A28FD1945F.tmp' to '../../../../../../Users/adam.levin/Downloads/FALSe-UE3 Repository/FALSe-UE4Repository/FALSeTowerDefence/Saved/Autosaves/Game/StarterContent/Materials/M_Ground_Grass_Auto1.uasset'
[2016.10.28-07.50.23:988][ 82]LogSavePackage: Total save time: 21.835990ms
[2016.10.28-07.50.23:988][ 82]LogSavePackage:Warning: Finished SavePackage ../../../../../../Users/adam.levin/Downloads/FALSe-UE3 Repository/FALSe-UE4Repository/FALSeTowerDefence/Saved/Autosaves/Game/StarterContent/Materials/M_Ground_Grass_Auto1.uasset
[2016.10.28-07.50.23:988][ 82]LogFileHelpers: Auto-saving content packages took 0.037
[2016.10.28-08.03.40:180][544]LogActorComponent: UnregisterComponent: (/Engine/Transient.ProjectileMovementComponent_40__A6522401) Not registered. Aborting.
[2016.10.28-08.03.40:180][544]LogActorComponent: UnregisterComponent: (/Engine/Transient.CharMoveComp) Not registered. Aborting.
[2016.10.28-08.03.40:180][544]LogActorComponent: UnregisterComponent: (/Engine/Transient.CharacterMovementComponent_5) Not registered. Aborting.
[2016.10.28-08.03.40:180][544]LogActorComponent: UnregisterComponent: (/Engine/Transient.PawnSensing_GEN_VARIABLE) Not registered. Aborting.
[2016.10.28-08.03.44:905][544]LogSavePackage: Save=1101.820679ms
[2016.10.28-08.03.44:905][544]LogSavePackage: Moving '../../../../../../Users/adam.levin/Downloads/FALSe-UE3 Repository/FALSe-UE4Repository/FALSeTowerDefence/Saved/FirstPersonExampleMap45A3391D45B0F5381BE219A1DF9E6620.tmp' to '../../../../../../Users/adam.levin/Downloads/FALSe-UE3 Repository/FALSe-UE4Repository/FALSeTowerDefence/Content/FirstPersonBP/Maps/FirstPersonExampleMap.umap'
[2016.10.28-08.03.44:910][544]LogSavePackage: Total save time: 1121.436909ms
[2016.10.28-08.03.44:910][544]LogSavePackage:Warning: Finished SavePackage ../../../../../../Users/adam.levin/Downloads/FALSe-UE3 Repository/FALSe-UE4Repository/FALSeTowerDefence/Content/FirstPersonBP/Maps/FirstPersonExampleMap.umap
[2016.10.28-08.03.44:934][544]LogFileHelpers: Saving map 'FirstPersonExampleMap' took 1.217
[2016.10.28-08.03.44:969][544]LogSavePackage: Save=9.044754ms
[2016.10.28-08.03.44:969][544]LogSavePackage: Moving '../../../../../../Users/adam.levin/Downloads/FALSe-UE3 Repository/FALSe-UE4Repository/FALSeTowerDefence/Saved/M_Ground_Grass729206674A1C0DC57ED638BC89E2481D.tmp' to '../../../../../../Users/adam.levin/Downloads/FALSe-UE3 Repository/FALSe-UE4Repository/FALSeTowerDefence/Content/StarterContent/Materials/M_Ground_Grass.uasset'
[2016.10.28-08.03.44:973][544]LogSavePackage: Total save time: 15.453201ms
[2016.10.28-08.03.44:973][544]LogSavePackage:Warning: Finished SavePackage ../../../../../../Users/adam.levin/Downloads/FALSe-UE3 Repository/FALSe-UE4Repository/FALSeTowerDefence/Content/StarterContent/Materials/M_Ground_Grass.uasset
[2016.10.28-08.03.45:301][545]Cmd: QUIT_EDITOR
[2016.10.28-08.03.45:524][545]LogExit: Preparing to exit.
[2016.10.28-08.03.45:761][545]LogExit: Editor shut down
[2016.10.28-08.03.45:761][545]LogExit: Transaction tracking system shut down
[2016.10.28-08.03.45:763][545]LogParticles: Destroying 0 GPU particle simulations for FXSystem 0x00000000254720C0
[2016.10.28-08.03.45:763][545]LogParticles: Destroying 0 GPU particle simulations for FXSystem 0x0000000025471A80
[2016.10.28-08.03.45:764][545]LogParticles: Destroying 0 GPU particle simulations for FXSystem 0x000000001071B100
[2016.10.28-08.03.45:764][545]LogParticles: Destroying 0 GPU particle simulations for FXSystem 0x0000000025883880
[2016.10.28-08.03.45:765][545]LogParticles: Destroying 0 GPU particle simulations for FXSystem 0x00000000256D60C0
[2016.10.28-08.03.45:767][545]LogParticles: Destroying 0 GPU particle simulations for FXSystem 0x000000004C48F420
[2016.10.28-08.03.45:931][545]LogExit: Object subsystem successfully closed.
[2016.10.28-08.03.45:947][545]LogD3D11RHI: Shutdown
[2016.10.28-08.03.45:947][545]LogD3D11RHI: CleanupD3DDevice
[2016.10.28-08.03.45:988][545]LogD3D11RHI: ~FD3D11DynamicRHI
[2016.10.28-08.03.46:001][545]LogModuleManager: Shutting down and abandoning module BlueprintGraph (200)
[2016.10.28-08.03.46:001][545]LogModuleManager: Shutting down and abandoning module CrashTracker (199)
[2016.10.28-08.03.46:001][545]LogModuleManager: Shutting down and abandoning module SceneOutliner (198)
[2016.10.28-08.03.46:001][545]LogModuleManager: Shutting down and abandoning module SuperSearch (197)
[2016.10.28-08.03.46:001][545]LogModuleManager: Shutting down and abandoning module WidgetCarousel (196)
[2016.10.28-08.03.46:001][545]LogModuleManager: Shutting down and abandoning module AddContentDialog (195)
[2016.10.28-08.03.46:001][545]LogModuleManager: Shutting down and abandoning module EditorWidgets (194)
[2016.10.28-08.03.46:001][545]LogModuleManager: Shutting down and abandoning module CollectionManager (193)
[2016.10.28-08.03.46:002][545]LogModuleManager: Shutting down and abandoning module StatsViewer (192)
[2016.10.28-08.03.46:002][545]LogModuleManager: Shutting down and abandoning module FoliageEdit (191)
[2016.10.28-08.03.46:002][545]LogModuleManager: Shutting down and abandoning module LandscapeEditor (190)
[2016.10.28-08.03.46:002][545]LogModuleManager: Shutting down and abandoning module ActorPickerMode (189)
[2016.10.28-08.03.46:002][545]LogModuleManager: Shutting down and abandoning module GeometryMode (188)
[2016.10.28-08.03.46:002][545]LogModuleManager: Shutting down and abandoning module TextureAlignMode (187)
[2016.10.28-08.03.46:002][545]LogModuleManager: Shutting down and abandoning module BspMode (186)
[2016.10.28-08.03.46:002][545]LogModuleManager: Shutting down and abandoning module PlacementMode (185)
[2016.10.28-08.03.46:002][545]LogModuleManager: Shutting down and abandoning module AutomationWorker (184)
[2016.10.28-08.03.46:002][545]LogModuleManager: Shutting down and abandoning module CharacterAI (183)
[2016.10.28-08.03.46:002][545]LogModuleManager: Shutting down and abandoning module SmartSnapping (182)
[2016.10.28-08.03.46:002][545]LogModuleManager: Shutting down and abandoning module ViewportSnapping (181)
[2016.10.28-08.03.46:002][545]LogModuleManager: Shutting down and abandoning module LogVisualizer (180)
[2016.10.28-08.03.46:002][545]LogModuleManager: Shutting down and abandoning module GameProjectGeneration (179)
[2016.10.28-08.03.46:002][545]LogModuleManager: Shutting down and abandoning module IntroTutorials (178)
[2016.10.28-08.03.46:002][545]LogModuleManager: Shutting down and abandoning module EditorLiveStreaming (177)
[2016.10.28-08.03.46:002][545]LogModuleManager: Shutting down and abandoning module IOSPlatformEditor (176)
[2016.10.28-08.03.46:002][545]LogModuleManager: Shutting down and abandoning module HTML5PlatformEditor (175)
[2016.10.28-08.03.46:002][545]LogModuleManager: Shutting down and abandoning module AndroidDeviceDetection (174)
[2016.10.28-08.03.46:259][545]LogModuleManager: Shutting down and abandoning module AndroidPlatformEditor (173)
[2016.10.28-08.03.46:259][545]LogModuleManager: Shutting down and abandoning module IOSRuntimeSettings (172)
[2016.10.28-08.03.46:259][545]LogModuleManager: Shutting down and abandoning module AndroidRuntimeSettings (171)
[2016.10.28-08.03.46:259][545]LogModuleManager: Shutting down and abandoning module MergeActors (170)
[2016.10.28-08.03.46:259][545]LogModuleManager: Shutting down and abandoning module SizeMap (169)
[2016.10.28-08.03.46:259][545]LogModuleManager: Shutting down and abandoning module TreeMap (168)
[2016.10.28-08.03.46:259][545]LogModuleManager: Shutting down and abandoning module ReferenceViewer (167)
[2016.10.28-08.03.46:259][545]LogModuleManager: Shutting down and abandoning module LocalizationService (166)
[2016.10.28-08.03.46:259][545]LogModuleManager: Shutting down and abandoning module LocalizationDashboard (165)
[2016.10.28-08.03.46:259][545]LogModuleManager: Shutting down and abandoning module HardwareTargeting (164)
[2016.10.28-08.03.46:259][545]LogModuleManager: Shutting down and abandoning module DeviceProfileEditor (163)
[2016.10.28-08.03.46:259][545]LogModuleManager: Shutting down and abandoning module UndoHistory (162)
[2016.10.28-08.03.46:259][545]LogModuleManager: Shutting down and abandoning module GameplayTagsEditor (161)
[2016.10.28-08.03.46:259][545]LogModuleManager: Shutting down and abandoning module UserFeedback (160)
[2016.10.28-08.03.46:260][545]LogModuleManager: Shutting down and abandoning module XmlParser (159)
[2016.10.28-08.03.46:260][545]LogModuleManager: Shutting down and abandoning module Blutility (158)
[2016.10.28-08.03.46:260][545]LogModuleManager: Shutting down and abandoning module ProjectTargetPlatformEditor (157)
[2016.10.28-08.03.46:260][545]LogModuleManager: Shutting down and abandoning module ProjectSettingsViewer (156)
[2016.10.28-08.03.46:260][545]LogModuleManager: Shutting down and abandoning module InputBindingEditor (155)
[2016.10.28-08.03.46:260][545]LogModuleManager: Shutting down and abandoning module EditorSettingsViewer (154)
[2016.10.28-08.03.46:260][545]LogModuleManager: Shutting down and abandoning module SettingsEditor (153)
[2016.10.28-08.03.46:261][545]LogModuleManager: Shutting down and abandoning module ProjectLauncher (152)
[2016.10.28-08.03.46:261][545]LogModuleManager: Shutting down and abandoning module SessionFrontend (151)
[2016.10.28-08.03.46:261][545]LogModuleManager: Shutting down and abandoning module ProfilerClient (150)
[2016.10.28-08.03.46:261][545]LogModuleManager: Shutting down and abandoning module TargetDeviceServices (149)
[2016.10.28-08.03.46:261][545]LogModuleManager: Shutting down and abandoning module DeviceManager (148)
[2016.10.28-08.03.46:261][545]LogModuleManager: Shutting down and abandoning module AutomationController (147)
[2016.10.28-08.03.46:262][545]LogModuleManager: Shutting down and abandoning module AutomationWindow (146)
[2016.10.28-08.03.46:262][545]LogModuleManager: Shutting down and abandoning module Layers (145)
[2016.10.28-08.03.46:262][545]LogModuleManager: Shutting down and abandoning module ComponentVisualizers (144)
[2016.10.28-08.03.46:262][545]LogModuleManager: Shutting down and abandoning module DetailCustomizations (143)
[2016.10.28-08.03.46:262][545]LogModuleManager: Shutting down and abandoning module PackagesDialog (142)
[2016.10.28-08.03.46:262][545]LogModuleManager: Shutting down and abandoning module Persona (141)
[2016.10.28-08.03.46:262][545]LogModuleManager: Shutting down and abandoning module Kismet (140)
[2016.10.28-08.03.46:262][545]LogModuleManager: Shutting down and abandoning module GraphEditor (139)
[2016.10.28-08.03.46:262][545]LogModuleManager: Shutting down and abandoning module ClassViewer (138)
[2016.10.28-08.03.46:262][545]LogModuleManager: Shutting down and abandoning module Toolbox (137)
[2016.10.28-08.03.46:263][545]LogModuleManager: Shutting down and abandoning module ModuleUI (136)
[2016.10.28-08.03.46:263][545]LogModuleManager: Shutting down and abandoning module MovieSceneTools (135)
[2016.10.28-08.03.46:263][545]LogModuleManager: Shutting down and abandoning module OutputLog (134)
[2016.10.28-08.03.46:263][545]LogModuleManager: Shutting down and abandoning module GammaUI (133)
[2016.10.28-08.03.46:263][545]LogModuleManager: Shutting down and abandoning module Documentation (132)
[2016.10.28-08.03.46:263][545]LogModuleManager: Shutting down and abandoning module GameLiveStreaming (131)
[2016.10.28-08.03.46:263][545]LogModuleManager: Shutting down and abandoning module StreamingPauseRendering (130)
[2016.10.28-08.03.46:263][545]LogModuleManager: Shutting down and abandoning module AnalyticsET (129)
[2016.10.28-08.03.46:263][545]LogModuleManager: Shutting down and abandoning module Analytics (128)
[2016.10.28-08.03.46:263][545]LogModuleManager: Shutting down and abandoning module AITestSuite (127)
[2016.10.28-08.03.46:263][545]LogModuleManager: Shutting down and abandoning module GameplayDebugger (126)
[2016.10.28-08.03.46:263][545]LogModuleManager: Shutting down and abandoning module AIModule (125)
[2016.10.28-08.03.46:263][545]LogModuleManager: Shutting down and abandoning module ProfilerService (124)
[2016.10.28-08.03.46:407][545]LogModuleManager: Shutting down and abandoning module TaskGraph (123)
[2016.10.28-08.03.46:407][545]LogModuleManager: Shutting down and abandoning module SubstanceEditor (122)
[2016.10.28-08.03.46:407][545]LogModuleManager: Shutting down and abandoning module SlateRemote (121)
[2016.10.28-08.03.46:407][545]LogModuleManager: Shutting down and abandoning module SteamVRController (120)
[2016.10.28-08.03.46:407][545]LogModuleManager: Shutting down and abandoning module SteamVR (119)
[2016.10.28-08.03.46:407][545]LogModuleManager: Shutting down and abandoning module ProceduralMeshComponent (118)
[2016.10.28-08.03.46:407][545]LogModuleManager: Shutting down and abandoning module OculusRift (117)
[2016.10.28-08.03.46:407][545]LogModuleManager: Shutting down and abandoning module OculusLibrary (116)
[2016.10.28-08.03.46:407][545]LogModuleManager: Shutting down and abandoning module LeapMotionController (115)
[2016.10.28-08.03.46:428][545]LogModuleManager: Shutting down and abandoning module CustomMeshComponent (114)
[2016.10.28-08.03.46:428][545]LogModuleManager: Shutting down and abandoning module CableComponent (113)
[2016.10.28-08.03.46:428][545]LogModuleManager: Shutting down and abandoning module ArchVisCharacter (112)
[2016.10.28-08.03.46:429][545]LogModuleManager: Shutting down and abandoning module MessagingDebugger (111)
[2016.10.28-08.03.46:429][545]LogModuleManager: Shutting down and abandoning module MediaPlayerEditor (110)
[2016.10.28-08.03.46:429][545]LogModuleManager: Shutting down and abandoning module HTML5Networking (109)
[2016.10.28-08.03.46:429][545]LogModuleManager: Shutting down and abandoning module SpeedTreeImporter (108)
[2016.10.28-08.03.46:429][545]LogModuleManager: Shutting down and abandoning module PluginBrowser (107)
[2016.10.28-08.03.46:429][545]LogModuleManager: Shutting down and abandoning module EpicSurvey (106)
[2016.10.28-08.03.46:429][545]LogModuleManager: Shutting down and abandoning module DesktopPlatform (105)
[2016.10.28-08.03.46:429][545]LogModuleManager: Shutting down and abandoning module VisualStudioSourceCodeAccess (104)
[2016.10.28-08.03.46:429][545]LogModuleManager: Shutting down and abandoning module UObjectPlugin (103)
[2016.10.28-08.03.46:429][545]LogModuleManager: Shutting down and abandoning module SubversionSourceControl (102)
[2016.10.28-08.03.46:429][545]LogModuleManager: Shutting down and abandoning module PerforceSourceControl (101)
[2016.10.28-08.03.46:429][545]LogModuleManager: Shutting down and abandoning module SourceControl (100)
[2016.10.28-08.03.46:429][545]LogModuleManager: Shutting down and abandoning module GitSourceControl (99)
[2016.10.28-08.03.46:429][545]LogModuleManager: Shutting down and abandoning module LightPropagationVolumeEditor (98)
[2016.10.28-08.03.46:430][545]LogModuleManager: Shutting down and abandoning module PaperTiledImporter (97)
[2016.10.28-08.03.46:430][545]LogModuleManager: Shutting down and abandoning module PaperSpriteSheetImporter (96)
[2016.10.28-08.03.46:430][545]LogModuleManager: Shutting down and abandoning module MeshPaint (95)
[2016.10.28-08.03.46:430][545]LogModuleManager: Shutting down and abandoning module SlateReflector (94)
[2016.10.28-08.03.46:430][545]LogModuleManager: Shutting down and abandoning module HotReload (93)
[2016.10.28-08.03.46:430][545]LogModuleManager: Shutting down and abandoning module MainFrame (92)
[2016.10.28-08.03.46:430][545]LogModuleManager: Shutting down and abandoning module LevelEditor (91)
[2016.10.28-08.03.46:433][545]LogModuleManager: Shutting down and abandoning module ContentBrowser (90)
[2016.10.28-08.03.46:434][545]LogModuleManager: Shutting down and abandoning module Paper2DEditor (89)
[2016.10.28-08.03.46:435][545]LogModuleManager: Shutting down and abandoning module UdpMessaging (88)
[2016.10.28-08.03.46:535][545]LogModuleManager: Shutting down and abandoning module DirectoryWatcher (87)
[2016.10.28-08.03.46:537][545]LogModuleManager: Shutting down and abandoning module AssetRegistry (86)
[2016.10.28-08.03.46:690][545]LogModuleManager: Shutting down and abandoning module SubstanceCore (85)
[2016.10.28-08.03.46:690][545]LogModuleManager: Shutting down and abandoning module LightPropagationVolumeRuntime (84)
[2016.10.28-08.03.46:690][545]LogModuleManager: Shutting down and abandoning module Paper2D (83)
[2016.10.28-08.03.46:690][545]LogModuleManager: Shutting down and abandoning module WindowsMoviePlayer (82)
[2016.10.28-08.03.46:695][545]LogModuleManager: Shutting down and abandoning module Media (81)
[2016.10.28-08.03.46:695][545]LogModuleManager: Shutting down and abandoning module WmfMedia (80)
[2016.10.28-08.03.46:695][545]LogModuleManager: Shutting down and abandoning module OnlineBlueprintSupport (79)
[2016.10.28-08.03.46:695][545]LogModuleManager: Shutting down and abandoning module GameplayTasksEditor (78)
[2016.10.28-08.03.46:695][545]LogModuleManager: Shutting down and abandoning module PropertyEditor (77)
[2016.10.28-08.03.46:695][545]LogModuleManager: Shutting down and abandoning module BehaviorTreeEditor (76)
[2016.10.28-08.03.46:695][545]LogModuleManager: Shutting down and abandoning module FunctionalTesting (75)
[2016.10.28-08.03.46:695][545]LogModuleManager: Shutting down and abandoning module CollisionAnalyzer (74)
[2016.10.28-08.03.46:695][545]LogModuleManager: Shutting down and abandoning module WorkspaceMenuStructure (73)
[2016.10.28-08.03.46:695][545]LogModuleManager: Shutting down and abandoning module MessageLog (72)
[2016.10.28-08.03.46:695][545]LogModuleManager: Shutting down and abandoning module Sequencer (71)
[2016.10.28-08.03.46:695][545]LogModuleManager: Shutting down and abandoning module AssetTools (70)
[2016.10.28-08.03.46:695][545]LogModuleManager: Shutting down and abandoning module UMGEditor (69)
[2016.10.28-08.03.46:695][545]LogModuleManager: Shutting down and abandoning module UMG (68)
[2016.10.28-08.03.46:695][545]LogModuleManager: Shutting down and abandoning module Slate (67)
[2016.10.28-08.03.46:695][545]LogModuleManager: Shutting down and abandoning module EditorStyle (66)
[2016.10.28-08.03.46:698][545]LogModuleManager: Shutting down and abandoning module SessionServices (65)
[2016.10.28-08.03.46:698][545]LogModuleManager: Shutting down and abandoning module SourceCodeAccess (64)
[2016.10.28-08.03.46:698][545]LogModuleManager: Shutting down and abandoning module HeadMountedDisplay (63)
[2016.10.28-08.03.46:698][545]LogModuleManager: Shutting down and abandoning module XAudio2 (62)
[2016.10.28-08.03.46:698][545]LogModuleManager: Shutting down and abandoning module Networking (60)
[2016.10.28-08.03.46:698][545]LogModuleManager: Shutting down and abandoning module Core (59)
[2016.10.28-08.03.46:698][545]LogModuleManager: Shutting down and abandoning module KismetCompiler (58)
[2016.10.28-08.03.46:698][545]LogModuleManager: Shutting down and abandoning module PhysXFormats (57)
[2016.10.28-08.03.46:698][545]LogModuleManager: Shutting down and abandoning module MeshUtilities (56)
[2016.10.28-08.03.46:698][545]LogModuleManager: Shutting down and abandoning module CookingStats (55)
[2016.10.28-08.03.46:699][545]LogModuleManager: Shutting down and abandoning module DerivedDataCache (54)
[2016.10.28-08.03.46:761][545]LogDerivedDataCache: Shutdown
[2016.10.28-08.03.46:761][545]LogModuleManager: Shutting down and abandoning module ShaderFormatOpenGL (53)
[2016.10.28-08.03.46:761][545]LogModuleManager: Shutting down and abandoning module ShaderFormatD3D (52)
[2016.10.28-08.03.46:761][545]LogModuleManager: Shutting down and abandoning module MetalShaderFormat (51)
[2016.10.28-08.03.46:761][545]LogModuleManager: Shutting down and abandoning module TextureFormatUncompressed (50)
[2016.10.28-08.03.46:761][545]LogModuleManager: Shutting down and abandoning module TextureFormatPVR (49)
[2016.10.28-08.03.46:761][545]LogModuleManager: Shutting down and abandoning module TextureFormatIntelISPCTexComp (48)
[2016.10.28-08.03.46:761][545]LogModuleManager: Shutting down and abandoning module TextureFormatDXT (47)
[2016.10.28-08.03.46:761][545]LogModuleManager: Shutting down and abandoning module ImageWrapper (46)
[2016.10.28-08.03.46:761][545]LogModuleManager: Shutting down and abandoning module TextureFormatASTC (45)
[2016.10.28-08.03.46:761][545]LogModuleManager: Shutting down and abandoning module TextureFormatAndroid (44)
[2016.10.28-08.03.46:761][545]LogModuleManager: Shutting down and abandoning module AudioFormatOpus (43)
[2016.10.28-08.03.46:761][545]LogModuleManager: Shutting down and abandoning module AudioFormatOgg (42)
[2016.10.28-08.03.46:762][545]LogModuleManager: Shutting down and abandoning module AudioFormatADPCM (41)
[2016.10.28-08.03.46:762][545]LogModuleManager: Shutting down and abandoning module LinuxTargetPlatform (40)
[2016.10.28-08.03.46:762][545]LogModuleManager: Shutting down and abandoning module LinuxServerTargetPlatform (39)
[2016.10.28-08.03.46:762][545]LogModuleManager: Shutting down and abandoning module LinuxNoEditorTargetPlatform (38)
[2016.10.28-08.03.46:762][545]LogModuleManager: Shutting down and abandoning module Messaging (37)
[2016.10.28-08.03.46:762][545]LogModuleManager: Shutting down and abandoning module IOSTargetPlatform (36)
[2016.10.28-08.03.46:762][545]LogModuleManager: Shutting down and abandoning module HTML5TargetPlatform (35)
[2016.10.28-08.03.46:762][545]LogModuleManager: Shutting down and abandoning module Android_PVRTCTargetPlatform (34)
[2016.10.28-08.03.46:762][545]LogModuleManager: Shutting down and abandoning module Android_ETC2TargetPlatform (33)
[2016.10.28-08.03.46:762][545]LogModuleManager: Shutting down and abandoning module Android_ETC1TargetPlatform (32)
[2016.10.28-08.03.46:762][545]LogModuleManager: Shutting down and abandoning module Android_DXTTargetPlatform (31)
[2016.10.28-08.03.46:762][545]LogModuleManager: Shutting down and abandoning module Android_ATCTargetPlatform (30)
[2016.10.28-08.03.46:762][545]LogModuleManager: Shutting down and abandoning module Android_ASTCTargetPlatform (29)
[2016.10.28-08.03.46:762][545]LogModuleManager: Shutting down and abandoning module AndroidTargetPlatform (28)
[2016.10.28-08.03.46:762][545]LogModuleManager: Shutting down and abandoning module WindowsTargetPlatform (27)
[2016.10.28-08.03.46:762][545]LogModuleManager: Shutting down and abandoning module WindowsServerTargetPlatform (26)
[2016.10.28-08.03.46:762][545]LogModuleManager: Shutting down and abandoning module WindowsNoEditorTargetPlatform (25)
[2016.10.28-08.03.46:762][545]LogModuleManager: Shutting down and abandoning module WindowsClientTargetPlatform (24)
[2016.10.28-08.03.46:762][545]LogModuleManager: Shutting down and abandoning module AllDesktopTargetPlatform (23)
[2016.10.28-08.03.46:762][545]LogModuleManager: Shutting down and abandoning module TargetPlatform (22)
[2016.10.28-08.03.46:762][545]LogModuleManager: Shutting down and abandoning module InputCore (21)
[2016.10.28-08.03.46:762][545]LogModuleManager: Shutting down and abandoning module Settings (20)
[2016.10.28-08.03.46:763][545]LogModuleManager: Shutting down and abandoning module OnlineSubsystem (18)
[2016.10.28-08.03.46:763][545]LogModuleManager: Shutting down and abandoning module HTTP (17)
[2016.10.28-08.03.48:763][545]LogModuleManager: Shutting down and abandoning module XMPP (16)
[2016.10.28-08.03.48:763][545]LogModuleManager: Shutting down and abandoning module ExampleDeviceProfileSelector (15)
[2016.10.28-08.03.48:763][545]LogModuleManager: Shutting down and abandoning module TextureCompressor (14)
[2016.10.28-08.03.48:763][545]LogModuleManager: Shutting down and abandoning module ShaderCore (13)
[2016.10.28-08.03.48:763][545]LogModuleManager: Shutting down and abandoning module Landscape (12)
[2016.10.28-08.03.48:763][545]LogModuleManager: Shutting down and abandoning module SlateRHIRenderer (11)
[2016.10.28-08.03.48:767][545]LogModuleManager: Shutting down and abandoning module OpenGLDrv (10)
[2016.10.28-08.03.48:767][545]LogModuleManager: Shutting down and abandoning module D3D11RHI (9)
[2016.10.28-08.03.48:767][545]LogModuleManager: Shutting down and abandoning module AnimGraphRuntime (8)
[2016.10.28-08.03.48:767][545]LogModuleManager: Shutting down and abandoning module Renderer (7)
[2016.10.28-08.03.48:767][545]LogModuleManager: Shutting down and abandoning module Engine (6)
[2016.10.28-08.03.48:767][545]LogModuleManager: Shutting down and abandoning module CoreUObject (5)
[2016.10.28-08.03.48:767][545]LogModuleManager: Shutting down and abandoning module NetworkFile (4)
[2016.10.28-08.03.48:767][545]LogModuleManager: Shutting down and abandoning module StreamingFile (3)
[2016.10.28-08.03.48:767][545]LogModuleManager: Shutting down and abandoning module SandboxFile (2)
[2016.10.28-08.03.48:767][545]LogModuleManager: Shutting down and abandoning module PakFile (1)
[2016.10.28-08.03.48:769][545]LogExit: Exiting.
[2016.10.28-08.03.48:812][545]Log file closed, 10/28/16 10:03:48
